<?xml version="1.0" encoding="UTF-8"?>
<!-- Generated by org.testng.reporters.JUnitReportReporter -->
<testsuite skipped="0" hostname="DESKTOP-JG0VHMN" name="testpage.LoginTest" tests="1" failures="0" timestamp="2020-05-23T13:09:54 IST" time="13.916" errors="0">
  <testcase name="Login" time="13.916" classname="testpage.LoginTest"/>
  <system-out/>
</testsuite> <!-- testpage.LoginTest -->
